<?xml version="1.0" encoding="UTF-8"?>
<!-- Generated by org.testng.reporters.JUnitReportReporter -->
<testsuite hostname="DESKTOP-ML44VOR" failures="0" tests="1" name="com.globant.app.tests.LogoutTest" time="7.695" errors="0" timestamp="2024-11-29T22:04:29 ECT" skipped="0">
  <testcase classname="com.globant.app.tests.LogoutTest" name="completeLogoutFlow" time="7.695"/>
  <system-out/>
</testsuite> <!-- com.globant.app.tests.LogoutTest -->
