<?xml version="1.0" encoding="UTF-8"?>
<!-- Generated by org.testng.reporters.JUnitReportReporter -->
<testsuite hostname="DESKTOP-ML44VOR" failures="0" tests="1" name="com.globant.app.tests.PurchaseTest" time="9.254" errors="0" timestamp="2024-11-29T22:04:29 ECT" skipped="0">
  <testcase classname="com.globant.app.tests.PurchaseTest" name="completePurchaseFlow" time="9.254"/>
  <system-out/>
</testsuite> <!-- com.globant.app.tests.PurchaseTest -->
