<?xml version="1.0" encoding="UTF-8"?>
<!-- Generated by org.testng.reporters.JUnitReportReporter -->
<testsuite hostname="DESKTOP-ML44VOR" failures="0" tests="1" name="com.globant.app.tests.PurchaseTest" time="8.500" errors="0" timestamp="30 nov 2024 03:18:33 GMT" skipped="0">
  <testcase classname="com.globant.app.tests.PurchaseTest" name="completePurchaseFlow" time="8.500"/>
</testsuite> <!-- com.globant.app.tests.PurchaseTest -->
